<?xml version="1.0" encoding="UTF-8"?>
<!-- Generated by org.testng.reporters.JUnitReportReporter -->
<testsuite skipped="0" hostname="EPPLKRAW0338" name="BaseTest" tests="1" failures="0" timestamp="2023-04-13T15:35:23 CEST" time="2.430" errors="0">
  <testcase name="test1" time="2.430" classname="BaseTest"/>
  <system-out/>
</testsuite> <!-- BaseTest -->
