<?xml version="1.0" encoding="UTF-8"?>
<!-- Generated by org.testng.reporters.JUnitReportReporter -->
<testsuite skipped="0" hostname="EPPLKRAW0338" name="BaseTest" tests="1" failures="0" timestamp="2023-04-13T13:16:46 CEST" time="5.513" errors="0">
  <testcase name="test1" time="5.513" classname="BaseTest"/>
  <system-out/>
</testsuite> <!-- BaseTest -->
