<?xml version="1.0" encoding="UTF-8"?>
<!-- Generated by org.testng.reporters.JUnitReportReporter -->
<testsuite skipped="0" hostname="EPPLKRAW0338" name="BaseTest" tests="1" failures="0" timestamp="2023-04-04T16:02:53 CEST" time="0.984" errors="0">
  <testcase name="test1" time="0.984" classname="BaseTest"/>
  <system-out/>
</testsuite> <!-- BaseTest -->
